*3
$3
SET
$5
hello
$5
world
*3
$3
SET
$5
hello
$5
world
*3
$3
SET
$5
hello
$5
world
*3
$3
SET
$5
hello
$5
world
*3
$3
SET
$5
hello
$5
world
*3
$3
SET
$3
key
$5
value
*3
$3
SET
$3
key
$5
value
*3
$3
SET
$3
key
$5
value
*3
$3
SET
$5
hello
$5
world
*3
$3
SET
$5
hello
$5
world
*3
$3
SET
$5
hello
$5
world
*3
$3
SET
$5
hello
$5
world
*3
$3
SET
$5
hello
$5
world
*3
$3
SET
$5
hello
$5
world
*3
$3
SET
$5
hello
$5
world
*3
$3
SET
$5
hello
$5
world
*3
$3
SET
$5
hello
$5
world
*3
$3
SET
$5
hello
$5
world
*3
$3
SET
$5
hello
$5
world
*3
$3
SET
$5
hello
$5
world
*2
$2
RM
$5
hello
*3
$3
SET
$5
hello
$5
world
*2
$2
RM
$5
hello
*3
$3
SET
$5
hello
$5
world
*2
$2
RM
$5
hello
*3
$3
SET
$5
hello
$5
world
*3
$3
SET
$5
hello
$5
world
*2
$2
RM
$5
hello
*2
$2
RM
$5
hello
*2
$2
RM
$5
hello
